Microsoft (R) Build Engine version 16.4.0+e901037fe for .NET Core
Copyright (C) Microsoft Corporation. All rights reserved.

  Restore completed in 26.29 ms for C:\Users\simon\dev\seq-expression-crash\csharp-range-expression-crash.csproj.
C:\Program Files\dotnet\sdk\3.1.100\Roslyn\Microsoft.CSharp.Core.targets(59,5): error : Process terminated. System.InvalidOperationException: Unexpected value 'Sequence' of type 'Microsoft.CodeAnalysis.CSharp.BoundKind' [C:\Users\simon\dev\seq-expression-crash\csharp-range-expression-crash.csproj]
C:\Program Files\dotnet\sdk\3.1.100\Roslyn\Microsoft.CSharp.Core.targets(59,5): error :    at Microsoft.CodeAnalysis.CSharp.ExpressionLambdaRewriter.VisitExpressionWithoutStackGuard(BoundExpression node) [C:\Users\simon\dev\seq-expression-crash\csharp-range-expression-crash.csproj]
C:\Program Files\dotnet\sdk\3.1.100\Roslyn\Microsoft.CSharp.Core.targets(59,5): error :    at Microsoft.CodeAnalysis.CSharp.ExpressionLambdaRewriter.VisitInternal(BoundExpression node) [C:\Users\simon\dev\seq-expression-crash\csharp-range-expression-crash.csproj]
C:\Program Files\dotnet\sdk\3.1.100\Roslyn\Microsoft.CSharp.Core.targets(59,5): error :    at Microsoft.CodeAnalysis.CSharp.ExpressionLambdaRewriter.Visit(BoundExpression node) [C:\Users\simon\dev\seq-expression-crash\csharp-range-expression-crash.csproj]
C:\Program Files\dotnet\sdk\3.1.100\Roslyn\Microsoft.CSharp.Core.targets(59,5): error :    at Microsoft.CodeAnalysis.CSharp.ExpressionLambdaRewriter.VisitBinaryOperator(BinaryOperatorKind opKind, MethodSymbol methodOpt, TypeSymbol type, BoundExpression left, BoundExpression right) [C:\Users\simon\dev\seq-expression-crash\csharp-range-expression-crash.csproj]
C:\Program Files\dotnet\sdk\3.1.100\Roslyn\Microsoft.CSharp.Core.targets(59,5): error :    at Microsoft.CodeAnalysis.CSharp.ExpressionLambdaRewriter.VisitExpressionWithoutStackGuard(BoundExpression node) [C:\Users\simon\dev\seq-expression-crash\csharp-range-expression-crash.csproj]
C:\Program Files\dotnet\sdk\3.1.100\Roslyn\Microsoft.CSharp.Core.targets(59,5): error :    at Microsoft.CodeAnalysis.CSharp.ExpressionLambdaRewriter.VisitInternal(BoundExpression node) [C:\Users\simon\dev\seq-expression-crash\csharp-range-expression-crash.csproj]
C:\Program Files\dotnet\sdk\3.1.100\Roslyn\Microsoft.CSharp.Core.targets(59,5): error :    at Microsoft.CodeAnalysis.CSharp.ExpressionLambdaRewriter.Visit(BoundExpression node) [C:\Users\simon\dev\seq-expression-crash\csharp-range-expression-crash.csproj]
C:\Program Files\dotnet\sdk\3.1.100\Roslyn\Microsoft.CSharp.Core.targets(59,5): error :    at Microsoft.CodeAnalysis.CSharp.ExpressionLambdaRewriter.TranslateLambdaBody(BoundBlock block) [C:\Users\simon\dev\seq-expression-crash\csharp-range-expression-crash.csproj]
C:\Program Files\dotnet\sdk\3.1.100\Roslyn\Microsoft.CSharp.Core.targets(59,5): error :    at Microsoft.CodeAnalysis.CSharp.ExpressionLambdaRewriter.VisitLambdaInternal(BoundLambda node) [C:\Users\simon\dev\seq-expression-crash\csharp-range-expression-crash.csproj]
C:\Program Files\dotnet\sdk\3.1.100\Roslyn\Microsoft.CSharp.Core.targets(59,5): error :    at Microsoft.CodeAnalysis.CSharp.ExpressionLambdaRewriter.RewriteLambda(BoundLambda node, TypeCompilationState compilationState, TypeMap typeMap, Int32 recursionDepth, DiagnosticBag diagnostics) [C:\Users\simon\dev\seq-expression-crash\csharp-range-expression-crash.csproj]
C:\Program Files\dotnet\sdk\3.1.100\Roslyn\Microsoft.CSharp.Core.targets(59,5): error :    at Microsoft.CodeAnalysis.CSharp.LambdaRewriter.RewriteLambdaConversion(BoundLambda node) [C:\Users\simon\dev\seq-expression-crash\csharp-range-expression-crash.csproj]
C:\Program Files\dotnet\sdk\3.1.100\Roslyn\Microsoft.CSharp.Core.targets(59,5): error :    at Microsoft.CodeAnalysis.CSharp.LambdaRewriter.VisitConversion(BoundConversion conversion) [C:\Users\simon\dev\seq-expression-crash\csharp-range-expression-crash.csproj]
C:\Program Files\dotnet\sdk\3.1.100\Roslyn\Microsoft.CSharp.Core.targets(59,5): error :    at Microsoft.CodeAnalysis.CSharp.BoundConversion.Accept(BoundTreeVisitor visitor) [C:\Users\simon\dev\seq-expression-crash\csharp-range-expression-crash.csproj]
C:\Program Files\dotnet\sdk\3.1.100\Roslyn\Microsoft.CSharp.Core.targets(59,5): error :    at Microsoft.CodeAnalysis.CSharp.BoundTreeRewriterWithStackGuard.VisitExpressionWithoutStackGuard(BoundExpression node) [C:\Users\simon\dev\seq-expression-crash\csharp-range-expression-crash.csproj]
C:\Program Files\dotnet\sdk\3.1.100\Roslyn\Microsoft.CSharp.Core.targets(59,5): error :    at Microsoft.CodeAnalysis.CSharp.BoundTreeVisitor.VisitExpressionWithStackGuard(BoundExpression node) [C:\Users\simon\dev\seq-expression-crash\csharp-range-expression-crash.csproj]
C:\Program Files\dotnet\sdk\3.1.100\Roslyn\Microsoft.CSharp.Core.targets(59,5): error :    at Microsoft.CodeAnalysis.CSharp.BoundTreeVisitor.VisitExpressionWithStackGuard(Int32& recursionDepth, BoundExpression node) [C:\Users\simon\dev\seq-expression-crash\csharp-range-expression-crash.csproj]
C:\Program Files\dotnet\sdk\3.1.100\Roslyn\Microsoft.CSharp.Core.targets(59,5): error :    at Microsoft.CodeAnalysis.CSharp.BoundTreeRewriterWithStackGuard.Visit(BoundNode node) [C:\Users\simon\dev\seq-expression-crash\csharp-range-expression-crash.csproj]
C:\Program Files\dotnet\sdk\3.1.100\Roslyn\Microsoft.CSharp.Core.targets(59,5): error :    at Microsoft.CodeAnalysis.CSharp.BoundTreeRewriter.VisitReturnStatement(BoundReturnStatement node) [C:\Users\simon\dev\seq-expression-crash\csharp-range-expression-crash.csproj]
C:\Program Files\dotnet\sdk\3.1.100\Roslyn\Microsoft.CSharp.Core.targets(59,5): error :    at Microsoft.CodeAnalysis.CSharp.BoundReturnStatement.Accept(BoundTreeVisitor visitor) [C:\Users\simon\dev\seq-expression-crash\csharp-range-expression-crash.csproj]
C:\Program Files\dotnet\sdk\3.1.100\Roslyn\Microsoft.CSharp.Core.targets(59,5): error :    at Microsoft.CodeAnalysis.CSharp.BoundTreeRewriterWithStackGuard.Visit(BoundNode node) [C:\Users\simon\dev\seq-expression-crash\csharp-range-expression-crash.csproj]
C:\Program Files\dotnet\sdk\3.1.100\Roslyn\Microsoft.CSharp.Core.targets(59,5): error :    at Microsoft.CodeAnalysis.CSharp.BoundTreeRewriter.VisitSequencePoint(BoundSequencePoint node) [C:\Users\simon\dev\seq-expression-crash\csharp-range-expression-crash.csproj]
C:\Program Files\dotnet\sdk\3.1.100\Roslyn\Microsoft.CSharp.Core.targets(59,5): error :    at Microsoft.CodeAnalysis.CSharp.BoundSequencePoint.Accept(BoundTreeVisitor visitor) [C:\Users\simon\dev\seq-expression-crash\csharp-range-expression-crash.csproj]
C:\Program Files\dotnet\sdk\3.1.100\Roslyn\Microsoft.CSharp.Core.targets(59,5): error :    at Microsoft.CodeAnalysis.CSharp.LambdaRewriter.RewriteBlock(BoundBlock node, ArrayBuilder`1 prologue, ArrayBuilder`1 newLocals) [C:\Users\simon\dev\seq-expression-crash\csharp-range-expression-crash.csproj]
C:\Program Files\dotnet\sdk\3.1.100\Roslyn\Microsoft.CSharp.Core.targets(59,5): error :    at Microsoft.CodeAnalysis.CSharp.LambdaRewriter.VisitBlock(BoundBlock node) [C:\Users\simon\dev\seq-expression-crash\csharp-range-expression-crash.csproj]
C:\Program Files\dotnet\sdk\3.1.100\Roslyn\Microsoft.CSharp.Core.targets(59,5): error :    at Microsoft.CodeAnalysis.CSharp.BoundBlock.Accept(BoundTreeVisitor visitor) [C:\Users\simon\dev\seq-expression-crash\csharp-range-expression-crash.csproj]
C:\Program Files\dotnet\sdk\3.1.100\Roslyn\Microsoft.CSharp.Core.targets(59,5): error :    at Microsoft.CodeAnalysis.CSharp.BoundTreeRewriterWithStackGuard.Visit(BoundNode node) [C:\Users\simon\dev\seq-expression-crash\csharp-range-expression-crash.csproj]
C:\Program Files\dotnet\sdk\3.1.100\Roslyn\Microsoft.CSharp.Core.targets(59,5): error :    at Microsoft.CodeAnalysis.CSharp.LambdaRewriter.Rewrite(BoundStatement loweredBody, NamedTypeSymbol thisType, ParameterSymbol thisParameter, MethodSymbol method, Int32 methodOrdinal, MethodSymbol substitutedSourceMethod, ArrayBuilder`1 lambdaDebugInfoBuilder, ArrayBuilder`1 closureDebugInfoBuilder, VariableSlotAllocator slotAllocatorOpt, TypeCompilationState compilationState, DiagnosticBag diagnostics, HashSet`1 assignLocals) [C:\Users\simon\dev\seq-expression-crash\csharp-range-expression-crash.csproj]
C:\Program Files\dotnet\sdk\3.1.100\Roslyn\Microsoft.CSharp.Core.targets(59,5): error :    at Microsoft.CodeAnalysis.CSharp.MethodCompiler.LowerBodyOrInitializer(MethodSymbol method, Int32 methodOrdinal, BoundStatement body, SynthesizedSubmissionFields previousSubmissionFields, TypeCompilationState compilationState, Boolean instrumentForDynamicAnalysis, DebugDocumentProvider debugDocumentProvider, ImmutableArray`1& dynamicAnalysisSpans, DiagnosticBag diagnostics, VariableSlotAllocator& lazyVariableSlotAllocator, ArrayBuilder`1 lambdaDebugInfoBuilder, ArrayBuilder`1 closureDebugInfoBuilder, StateMachineTypeSymbol& stateMachineTypeOpt) [C:\Users\simon\dev\seq-expression-crash\csharp-range-expression-crash.csproj]
C:\Program Files\dotnet\sdk\3.1.100\Roslyn\Microsoft.CSharp.Core.targets(59,5): error :    at Microsoft.CodeAnalysis.CSharp.MethodCompiler.CompileMethod(MethodSymbol methodSymbol, Int32 methodOrdinal, ProcessedFieldInitializers& processedInitializers, SynthesizedSubmissionFields previousSubmissionFields, TypeCompilationState compilationState) [C:\Users\simon\dev\seq-expression-crash\csharp-range-expression-crash.csproj]
C:\Program Files\dotnet\sdk\3.1.100\Roslyn\Microsoft.CSharp.Core.targets(59,5): error :    at Microsoft.CodeAnalysis.CSharp.MethodCompiler.CompileNamedType(NamedTypeSymbol containingType) [C:\Users\simon\dev\seq-expression-crash\csharp-range-expression-crash.csproj]
C:\Program Files\dotnet\sdk\3.1.100\Roslyn\Microsoft.CSharp.Core.targets(59,5): error :    at Microsoft.CodeAnalysis.CSharp.MethodCompiler.<>c__DisplayClass22_0.<CompileNamedTypeAsTask>b__0() [C:\Users\simon\dev\seq-expression-crash\csharp-range-expression-crash.csproj]
C:\Program Files\dotnet\sdk\3.1.100\Roslyn\Microsoft.CSharp.Core.targets(59,5): error :    at System.Environment.FailFast(System.String, System.Exception) [C:\Users\simon\dev\seq-expression-crash\csharp-range-expression-crash.csproj]
C:\Program Files\dotnet\sdk\3.1.100\Roslyn\Microsoft.CSharp.Core.targets(59,5): error :    at Microsoft.CodeAnalysis.FailFast.OnFatalException(System.Exception) [C:\Users\simon\dev\seq-expression-crash\csharp-range-expression-crash.csproj]
C:\Program Files\dotnet\sdk\3.1.100\Roslyn\Microsoft.CSharp.Core.targets(59,5): error :    at Microsoft.CodeAnalysis.FatalError.Report(System.Exception, System.Action`1<System.Exception>) [C:\Users\simon\dev\seq-expression-crash\csharp-range-expression-crash.csproj]
C:\Program Files\dotnet\sdk\3.1.100\Roslyn\Microsoft.CSharp.Core.targets(59,5): error :    at Microsoft.CodeAnalysis.FatalError.ReportUnlessCanceled(System.Exception) [C:\Users\simon\dev\seq-expression-crash\csharp-range-expression-crash.csproj]
C:\Program Files\dotnet\sdk\3.1.100\Roslyn\Microsoft.CSharp.Core.targets(59,5): error :    at Microsoft.CodeAnalysis.CSharp.MethodCompiler+<>c__DisplayClass22_0.<CompileNamedTypeAsTask>b__0() [C:\Users\simon\dev\seq-expression-crash\csharp-range-expression-crash.csproj]
C:\Program Files\dotnet\sdk\3.1.100\Roslyn\Microsoft.CSharp.Core.targets(59,5): error :    at Microsoft.CodeAnalysis.CSharp.ExpressionLambdaRewriter.VisitExpressionWithoutStackGuard(Microsoft.CodeAnalysis.CSharp.BoundExpression) [C:\Users\simon\dev\seq-expression-crash\csharp-range-expression-crash.csproj]
C:\Program Files\dotnet\sdk\3.1.100\Roslyn\Microsoft.CSharp.Core.targets(59,5): error :    at Microsoft.CodeAnalysis.CSharp.ExpressionLambdaRewriter.VisitInternal(Microsoft.CodeAnalysis.CSharp.BoundExpression) [C:\Users\simon\dev\seq-expression-crash\csharp-range-expression-crash.csproj]
C:\Program Files\dotnet\sdk\3.1.100\Roslyn\Microsoft.CSharp.Core.targets(59,5): error :    at Microsoft.CodeAnalysis.CSharp.ExpressionLambdaRewriter.Visit(Microsoft.CodeAnalysis.CSharp.BoundExpression) [C:\Users\simon\dev\seq-expression-crash\csharp-range-expression-crash.csproj]
C:\Program Files\dotnet\sdk\3.1.100\Roslyn\Microsoft.CSharp.Core.targets(59,5): error :    at Microsoft.CodeAnalysis.CSharp.ExpressionLambdaRewriter.VisitBinaryOperator(Microsoft.CodeAnalysis.CSharp.BinaryOperatorKind, Microsoft.CodeAnalysis.CSharp.Symbols.MethodSymbol, Microsoft.CodeAnalysis.CSharp.Symbols.TypeSymbol, Microsoft.CodeAnalysis.CSharp.BoundExpression, Microsoft.CodeAnalysis.CSharp.BoundExpression) [C:\Users\simon\dev\seq-expression-crash\csharp-range-expression-crash.csproj]
C:\Program Files\dotnet\sdk\3.1.100\Roslyn\Microsoft.CSharp.Core.targets(59,5): error :    at Microsoft.CodeAnalysis.CSharp.ExpressionLambdaRewriter.VisitExpressionWithoutStackGuard(Microsoft.CodeAnalysis.CSharp.BoundExpression) [C:\Users\simon\dev\seq-expression-crash\csharp-range-expression-crash.csproj]
C:\Program Files\dotnet\sdk\3.1.100\Roslyn\Microsoft.CSharp.Core.targets(59,5): error :    at Microsoft.CodeAnalysis.CSharp.ExpressionLambdaRewriter.VisitInternal(Microsoft.CodeAnalysis.CSharp.BoundExpression) [C:\Users\simon\dev\seq-expression-crash\csharp-range-expression-crash.csproj]
C:\Program Files\dotnet\sdk\3.1.100\Roslyn\Microsoft.CSharp.Core.targets(59,5): error :    at Microsoft.CodeAnalysis.CSharp.ExpressionLambdaRewriter.Visit(Microsoft.CodeAnalysis.CSharp.BoundExpression) [C:\Users\simon\dev\seq-expression-crash\csharp-range-expression-crash.csproj]
C:\Program Files\dotnet\sdk\3.1.100\Roslyn\Microsoft.CSharp.Core.targets(59,5): error :    at Microsoft.CodeAnalysis.CSharp.ExpressionLambdaRewriter.TranslateLambdaBody(Microsoft.CodeAnalysis.CSharp.BoundBlock) [C:\Users\simon\dev\seq-expression-crash\csharp-range-expression-crash.csproj]
C:\Program Files\dotnet\sdk\3.1.100\Roslyn\Microsoft.CSharp.Core.targets(59,5): error :    at Microsoft.CodeAnalysis.CSharp.ExpressionLambdaRewriter.VisitLambdaInternal(Microsoft.CodeAnalysis.CSharp.BoundLambda) [C:\Users\simon\dev\seq-expression-crash\csharp-range-expression-crash.csproj]
C:\Program Files\dotnet\sdk\3.1.100\Roslyn\Microsoft.CSharp.Core.targets(59,5): error :    at Microsoft.CodeAnalysis.CSharp.ExpressionLambdaRewriter.RewriteLambda(Microsoft.CodeAnalysis.CSharp.BoundLambda, Microsoft.CodeAnalysis.CSharp.TypeCompilationState, Microsoft.CodeAnalysis.CSharp.Symbols.TypeMap, Int32, Microsoft.CodeAnalysis.DiagnosticBag) [C:\Users\simon\dev\seq-expression-crash\csharp-range-expression-crash.csproj]
C:\Program Files\dotnet\sdk\3.1.100\Roslyn\Microsoft.CSharp.Core.targets(59,5): error :    at Microsoft.CodeAnalysis.CSharp.LambdaRewriter.RewriteLambdaConversion(Microsoft.CodeAnalysis.CSharp.BoundLambda) [C:\Users\simon\dev\seq-expression-crash\csharp-range-expression-crash.csproj]
C:\Program Files\dotnet\sdk\3.1.100\Roslyn\Microsoft.CSharp.Core.targets(59,5): error :    at Microsoft.CodeAnalysis.CSharp.LambdaRewriter.VisitConversion(Microsoft.CodeAnalysis.CSharp.BoundConversion) [C:\Users\simon\dev\seq-expression-crash\csharp-range-expression-crash.csproj]
C:\Program Files\dotnet\sdk\3.1.100\Roslyn\Microsoft.CSharp.Core.targets(59,5): error :    at Microsoft.CodeAnalysis.CSharp.BoundConversion.Accept(Microsoft.CodeAnalysis.CSharp.BoundTreeVisitor) [C:\Users\simon\dev\seq-expression-crash\csharp-range-expression-crash.csproj]
C:\Program Files\dotnet\sdk\3.1.100\Roslyn\Microsoft.CSharp.Core.targets(59,5): error :    at Microsoft.CodeAnalysis.CSharp.BoundTreeRewriterWithStackGuard.VisitExpressionWithoutStackGuard(Microsoft.CodeAnalysis.CSharp.BoundExpression) [C:\Users\simon\dev\seq-expression-crash\csharp-range-expression-crash.csproj]
C:\Program Files\dotnet\sdk\3.1.100\Roslyn\Microsoft.CSharp.Core.targets(59,5): error :    at Microsoft.CodeAnalysis.CSharp.BoundTreeVisitor.VisitExpressionWithStackGuard(Microsoft.CodeAnalysis.CSharp.BoundExpression) [C:\Users\simon\dev\seq-expression-crash\csharp-range-expression-crash.csproj]
C:\Program Files\dotnet\sdk\3.1.100\Roslyn\Microsoft.CSharp.Core.targets(59,5): error :    at Microsoft.CodeAnalysis.CSharp.BoundTreeVisitor.VisitExpressionWithStackGuard(Int32 ByRef, Microsoft.CodeAnalysis.CSharp.BoundExpression) [C:\Users\simon\dev\seq-expression-crash\csharp-range-expression-crash.csproj]
C:\Program Files\dotnet\sdk\3.1.100\Roslyn\Microsoft.CSharp.Core.targets(59,5): error :    at Microsoft.CodeAnalysis.CSharp.BoundTreeRewriterWithStackGuard.Visit(Microsoft.CodeAnalysis.CSharp.BoundNode) [C:\Users\simon\dev\seq-expression-crash\csharp-range-expression-crash.csproj]
C:\Program Files\dotnet\sdk\3.1.100\Roslyn\Microsoft.CSharp.Core.targets(59,5): error :    at Microsoft.CodeAnalysis.CSharp.BoundTreeRewriter.VisitReturnStatement(Microsoft.CodeAnalysis.CSharp.BoundReturnStatement) [C:\Users\simon\dev\seq-expression-crash\csharp-range-expression-crash.csproj]
C:\Program Files\dotnet\sdk\3.1.100\Roslyn\Microsoft.CSharp.Core.targets(59,5): error :    at Microsoft.CodeAnalysis.CSharp.BoundReturnStatement.Accept(Microsoft.CodeAnalysis.CSharp.BoundTreeVisitor) [C:\Users\simon\dev\seq-expression-crash\csharp-range-expression-crash.csproj]
C:\Program Files\dotnet\sdk\3.1.100\Roslyn\Microsoft.CSharp.Core.targets(59,5): error :    at Microsoft.CodeAnalysis.CSharp.BoundTreeRewriterWithStackGuard.Visit(Microsoft.CodeAnalysis.CSharp.BoundNode) [C:\Users\simon\dev\seq-expression-crash\csharp-range-expression-crash.csproj]
C:\Program Files\dotnet\sdk\3.1.100\Roslyn\Microsoft.CSharp.Core.targets(59,5): error :    at Microsoft.CodeAnalysis.CSharp.BoundTreeRewriter.VisitSequencePoint(Microsoft.CodeAnalysis.CSharp.BoundSequencePoint) [C:\Users\simon\dev\seq-expression-crash\csharp-range-expression-crash.csproj]
C:\Program Files\dotnet\sdk\3.1.100\Roslyn\Microsoft.CSharp.Core.targets(59,5): error :    at Microsoft.CodeAnalysis.CSharp.BoundSequencePoint.Accept(Microsoft.CodeAnalysis.CSharp.BoundTreeVisitor) [C:\Users\simon\dev\seq-expression-crash\csharp-range-expression-crash.csproj]
C:\Program Files\dotnet\sdk\3.1.100\Roslyn\Microsoft.CSharp.Core.targets(59,5): error :    at Microsoft.CodeAnalysis.CSharp.LambdaRewriter.RewriteBlock(Microsoft.CodeAnalysis.CSharp.BoundBlock, Microsoft.CodeAnalysis.PooledObjects.ArrayBuilder`1<Microsoft.CodeAnalysis.CSharp.BoundExpression>, Microsoft.CodeAnalysis.PooledObjects.ArrayBuilder`1<Microsoft.CodeAnalysis.CSharp.Symbols.LocalSymbol>) [C:\Users\simon\dev\seq-expression-crash\csharp-range-expression-crash.csproj]
C:\Program Files\dotnet\sdk\3.1.100\Roslyn\Microsoft.CSharp.Core.targets(59,5): error :    at Microsoft.CodeAnalysis.CSharp.LambdaRewriter.VisitBlock(Microsoft.CodeAnalysis.CSharp.BoundBlock) [C:\Users\simon\dev\seq-expression-crash\csharp-range-expression-crash.csproj]
C:\Program Files\dotnet\sdk\3.1.100\Roslyn\Microsoft.CSharp.Core.targets(59,5): error :    at Microsoft.CodeAnalysis.CSharp.BoundBlock.Accept(Microsoft.CodeAnalysis.CSharp.BoundTreeVisitor) [C:\Users\simon\dev\seq-expression-crash\csharp-range-expression-crash.csproj]
C:\Program Files\dotnet\sdk\3.1.100\Roslyn\Microsoft.CSharp.Core.targets(59,5): error :    at Microsoft.CodeAnalysis.CSharp.BoundTreeRewriterWithStackGuard.Visit(Microsoft.CodeAnalysis.CSharp.BoundNode) [C:\Users\simon\dev\seq-expression-crash\csharp-range-expression-crash.csproj]
C:\Program Files\dotnet\sdk\3.1.100\Roslyn\Microsoft.CSharp.Core.targets(59,5): error :    at Microsoft.CodeAnalysis.CSharp.LambdaRewriter.Rewrite(Microsoft.CodeAnalysis.CSharp.BoundStatement, Microsoft.CodeAnalysis.CSharp.Symbols.NamedTypeSymbol, Microsoft.CodeAnalysis.CSharp.Symbols.ParameterSymbol, Microsoft.CodeAnalysis.CSharp.Symbols.MethodSymbol, Int32, Microsoft.CodeAnalysis.CSharp.Symbols.MethodSymbol, Microsoft.CodeAnalysis.PooledObjects.ArrayBuilder`1<Microsoft.CodeAnalysis.CodeGen.LambdaDebugInfo>, Microsoft.CodeAnalysis.PooledObjects.ArrayBuilder`1<Microsoft.CodeAnalysis.CodeGen.ClosureDebugInfo>, Microsoft.CodeAnalysis.CodeGen.VariableSlotAllocator, Microsoft.CodeAnalysis.CSharp.TypeCompilationState, Microsoft.CodeAnalysis.DiagnosticBag, System.Collections.Generic.HashSet`1<Microsoft.CodeAnalysis.CSharp.Symbols.LocalSymbol>) [C:\Users\simon\dev\seq-expression-crash\csharp-range-expression-crash.csproj]
C:\Program Files\dotnet\sdk\3.1.100\Roslyn\Microsoft.CSharp.Core.targets(59,5): error :    at Microsoft.CodeAnalysis.CSharp.MethodCompiler.LowerBodyOrInitializer(Microsoft.CodeAnalysis.CSharp.Symbols.MethodSymbol, Int32, Microsoft.CodeAnalysis.CSharp.BoundStatement, Microsoft.CodeAnalysis.CSharp.SynthesizedSubmissionFields, Microsoft.CodeAnalysis.CSharp.TypeCompilationState, Boolean, Microsoft.CodeAnalysis.CodeGen.DebugDocumentProvider, System.Collections.Immutable.ImmutableArray`1<Microsoft.CodeAnalysis.CodeGen.SourceSpan> ByRef, Microsoft.CodeAnalysis.DiagnosticBag, Microsoft.CodeAnalysis.CodeGen.VariableSlotAllocator ByRef, Microsoft.CodeAnalysis.PooledObjects.ArrayBuilder`1<Microsoft.CodeAnalysis.CodeGen.LambdaDebugInfo>, Microsoft.CodeAnalysis.PooledObjects.ArrayBuilder`1<Microsoft.CodeAnalysis.CodeGen.ClosureDebugInfo>, Microsoft.CodeAnalysis.CSharp.StateMachineTypeSymbol ByRef) [C:\Users\simon\dev\seq-expression-crash\csharp-range-expression-crash.csproj]
C:\Program Files\dotnet\sdk\3.1.100\Roslyn\Microsoft.CSharp.Core.targets(59,5): error :    at Microsoft.CodeAnalysis.CSharp.MethodCompiler.CompileMethod(Microsoft.CodeAnalysis.CSharp.Symbols.MethodSymbol, Int32, ProcessedFieldInitializers ByRef, Microsoft.CodeAnalysis.CSharp.SynthesizedSubmissionFields, Microsoft.CodeAnalysis.CSharp.TypeCompilationState) [C:\Users\simon\dev\seq-expression-crash\csharp-range-expression-crash.csproj]
C:\Program Files\dotnet\sdk\3.1.100\Roslyn\Microsoft.CSharp.Core.targets(59,5): error :    at Microsoft.CodeAnalysis.CSharp.MethodCompiler.CompileNamedType(Microsoft.CodeAnalysis.CSharp.Symbols.NamedTypeSymbol) [C:\Users\simon\dev\seq-expression-crash\csharp-range-expression-crash.csproj]
C:\Program Files\dotnet\sdk\3.1.100\Roslyn\Microsoft.CSharp.Core.targets(59,5): error :    at Microsoft.CodeAnalysis.CSharp.MethodCompiler+<>c__DisplayClass22_0.<CompileNamedTypeAsTask>b__0() [C:\Users\simon\dev\seq-expression-crash\csharp-range-expression-crash.csproj]
C:\Program Files\dotnet\sdk\3.1.100\Roslyn\Microsoft.CSharp.Core.targets(59,5): error :    at Roslyn.Utilities.UICultureUtilities+<>c__DisplayClass5_0.<WithCurrentUICulture>b__0() [C:\Users\simon\dev\seq-expression-crash\csharp-range-expression-crash.csproj]
C:\Program Files\dotnet\sdk\3.1.100\Roslyn\Microsoft.CSharp.Core.targets(59,5): error :    at System.Threading.Tasks.Task.InnerInvoke() [C:\Users\simon\dev\seq-expression-crash\csharp-range-expression-crash.csproj]
C:\Program Files\dotnet\sdk\3.1.100\Roslyn\Microsoft.CSharp.Core.targets(59,5): error :    at System.Threading.Tasks.Task+<>c.<.cctor>b__274_0(System.Object) [C:\Users\simon\dev\seq-expression-crash\csharp-range-expression-crash.csproj]
C:\Program Files\dotnet\sdk\3.1.100\Roslyn\Microsoft.CSharp.Core.targets(59,5): error :    at System.Threading.ExecutionContext.RunFromThreadPoolDispatchLoop(System.Threading.Thread, System.Threading.ExecutionContext, System.Threading.ContextCallback, System.Object) [C:\Users\simon\dev\seq-expression-crash\csharp-range-expression-crash.csproj]
C:\Program Files\dotnet\sdk\3.1.100\Roslyn\Microsoft.CSharp.Core.targets(59,5): error :    at System.Threading.Tasks.Task.ExecuteWithThreadLocal(System.Threading.Tasks.Task ByRef, System.Threading.Thread) [C:\Users\simon\dev\seq-expression-crash\csharp-range-expression-crash.csproj]
C:\Program Files\dotnet\sdk\3.1.100\Roslyn\Microsoft.CSharp.Core.targets(59,5): error :    at System.Threading.Tasks.Task.ExecuteEntryUnsafe(System.Threading.Thread) [C:\Users\simon\dev\seq-expression-crash\csharp-range-expression-crash.csproj]
C:\Program Files\dotnet\sdk\3.1.100\Roslyn\Microsoft.CSharp.Core.targets(59,5): error :    at System.Threading.Tasks.Task.ExecuteFromThreadPool(System.Threading.Thread) [C:\Users\simon\dev\seq-expression-crash\csharp-range-expression-crash.csproj]
C:\Program Files\dotnet\sdk\3.1.100\Roslyn\Microsoft.CSharp.Core.targets(59,5): error :    at System.Threading.ThreadPoolWorkQueue.Dispatch() [C:\Users\simon\dev\seq-expression-crash\csharp-range-expression-crash.csproj]
C:\Program Files\dotnet\sdk\3.1.100\Roslyn\Microsoft.CSharp.Core.targets(59,5): error :    at System.Threading._ThreadPoolWaitCallback.PerformWaitCallback() [C:\Users\simon\dev\seq-expression-crash\csharp-range-expression-crash.csproj]
C:\Program Files\dotnet\sdk\3.1.100\Roslyn\Microsoft.CSharp.Core.targets(59,5): error : System.InvalidOperationException: Unexpected value 'Sequence' of type 'Microsoft.CodeAnalysis.CSharp.BoundKind' [C:\Users\simon\dev\seq-expression-crash\csharp-range-expression-crash.csproj]
C:\Program Files\dotnet\sdk\3.1.100\Roslyn\Microsoft.CSharp.Core.targets(59,5): error :    at Microsoft.CodeAnalysis.CSharp.ExpressionLambdaRewriter.VisitExpressionWithoutStackGuard(BoundExpression node) [C:\Users\simon\dev\seq-expression-crash\csharp-range-expression-crash.csproj]
C:\Program Files\dotnet\sdk\3.1.100\Roslyn\Microsoft.CSharp.Core.targets(59,5): error :    at Microsoft.CodeAnalysis.CSharp.ExpressionLambdaRewriter.VisitInternal(BoundExpression node) [C:\Users\simon\dev\seq-expression-crash\csharp-range-expression-crash.csproj]
C:\Program Files\dotnet\sdk\3.1.100\Roslyn\Microsoft.CSharp.Core.targets(59,5): error :    at Microsoft.CodeAnalysis.CSharp.ExpressionLambdaRewriter.Visit(BoundExpression node) [C:\Users\simon\dev\seq-expression-crash\csharp-range-expression-crash.csproj]
C:\Program Files\dotnet\sdk\3.1.100\Roslyn\Microsoft.CSharp.Core.targets(59,5): error :    at Microsoft.CodeAnalysis.CSharp.ExpressionLambdaRewriter.VisitBinaryOperator(BinaryOperatorKind opKind, MethodSymbol methodOpt, TypeSymbol type, BoundExpression left, BoundExpression right) [C:\Users\simon\dev\seq-expression-crash\csharp-range-expression-crash.csproj]
C:\Program Files\dotnet\sdk\3.1.100\Roslyn\Microsoft.CSharp.Core.targets(59,5): error :    at Microsoft.CodeAnalysis.CSharp.ExpressionLambdaRewriter.VisitExpressionWithoutStackGuard(BoundExpression node) [C:\Users\simon\dev\seq-expression-crash\csharp-range-expression-crash.csproj]
C:\Program Files\dotnet\sdk\3.1.100\Roslyn\Microsoft.CSharp.Core.targets(59,5): error :    at Microsoft.CodeAnalysis.CSharp.ExpressionLambdaRewriter.VisitInternal(BoundExpression node) [C:\Users\simon\dev\seq-expression-crash\csharp-range-expression-crash.csproj]
C:\Program Files\dotnet\sdk\3.1.100\Roslyn\Microsoft.CSharp.Core.targets(59,5): error :    at Microsoft.CodeAnalysis.CSharp.ExpressionLambdaRewriter.Visit(BoundExpression node) [C:\Users\simon\dev\seq-expression-crash\csharp-range-expression-crash.csproj]
C:\Program Files\dotnet\sdk\3.1.100\Roslyn\Microsoft.CSharp.Core.targets(59,5): error :    at Microsoft.CodeAnalysis.CSharp.ExpressionLambdaRewriter.TranslateLambdaBody(BoundBlock block) [C:\Users\simon\dev\seq-expression-crash\csharp-range-expression-crash.csproj]
C:\Program Files\dotnet\sdk\3.1.100\Roslyn\Microsoft.CSharp.Core.targets(59,5): error :    at Microsoft.CodeAnalysis.CSharp.ExpressionLambdaRewriter.VisitLambdaInternal(BoundLambda node) [C:\Users\simon\dev\seq-expression-crash\csharp-range-expression-crash.csproj]
C:\Program Files\dotnet\sdk\3.1.100\Roslyn\Microsoft.CSharp.Core.targets(59,5): error :    at Microsoft.CodeAnalysis.CSharp.ExpressionLambdaRewriter.RewriteLambda(BoundLambda node, TypeCompilationState compilationState, TypeMap typeMap, Int32 recursionDepth, DiagnosticBag diagnostics) [C:\Users\simon\dev\seq-expression-crash\csharp-range-expression-crash.csproj]
C:\Program Files\dotnet\sdk\3.1.100\Roslyn\Microsoft.CSharp.Core.targets(59,5): error :    at Microsoft.CodeAnalysis.CSharp.LambdaRewriter.RewriteLambdaConversion(BoundLambda node) [C:\Users\simon\dev\seq-expression-crash\csharp-range-expression-crash.csproj]
C:\Program Files\dotnet\sdk\3.1.100\Roslyn\Microsoft.CSharp.Core.targets(59,5): error :    at Microsoft.CodeAnalysis.CSharp.LambdaRewriter.VisitConversion(BoundConversion conversion) [C:\Users\simon\dev\seq-expression-crash\csharp-range-expression-crash.csproj]
C:\Program Files\dotnet\sdk\3.1.100\Roslyn\Microsoft.CSharp.Core.targets(59,5): error :    at Microsoft.CodeAnalysis.CSharp.BoundConversion.Accept(BoundTreeVisitor visitor) [C:\Users\simon\dev\seq-expression-crash\csharp-range-expression-crash.csproj]
C:\Program Files\dotnet\sdk\3.1.100\Roslyn\Microsoft.CSharp.Core.targets(59,5): error :    at Microsoft.CodeAnalysis.CSharp.BoundTreeRewriterWithStackGuard.VisitExpressionWithoutStackGuard(BoundExpression node) [C:\Users\simon\dev\seq-expression-crash\csharp-range-expression-crash.csproj]
C:\Program Files\dotnet\sdk\3.1.100\Roslyn\Microsoft.CSharp.Core.targets(59,5): error :    at Microsoft.CodeAnalysis.CSharp.BoundTreeVisitor.VisitExpressionWithStackGuard(BoundExpression node) [C:\Users\simon\dev\seq-expression-crash\csharp-range-expression-crash.csproj]
C:\Program Files\dotnet\sdk\3.1.100\Roslyn\Microsoft.CSharp.Core.targets(59,5): error :    at Microsoft.CodeAnalysis.CSharp.BoundTreeVisitor.VisitExpressionWithStackGuard(Int32& recursionDepth, BoundExpression node) [C:\Users\simon\dev\seq-expression-crash\csharp-range-expression-crash.csproj]
C:\Program Files\dotnet\sdk\3.1.100\Roslyn\Microsoft.CSharp.Core.targets(59,5): error :    at Microsoft.CodeAnalysis.CSharp.BoundTreeRewriterWithStackGuard.Visit(BoundNode node) [C:\Users\simon\dev\seq-expression-crash\csharp-range-expression-crash.csproj]
C:\Program Files\dotnet\sdk\3.1.100\Roslyn\Microsoft.CSharp.Core.targets(59,5): error :    at Microsoft.CodeAnalysis.CSharp.BoundTreeRewriter.VisitReturnStatement(BoundReturnStatement node) [C:\Users\simon\dev\seq-expression-crash\csharp-range-expression-crash.csproj]
C:\Program Files\dotnet\sdk\3.1.100\Roslyn\Microsoft.CSharp.Core.targets(59,5): error :    at Microsoft.CodeAnalysis.CSharp.BoundReturnStatement.Accept(BoundTreeVisitor visitor) [C:\Users\simon\dev\seq-expression-crash\csharp-range-expression-crash.csproj]
C:\Program Files\dotnet\sdk\3.1.100\Roslyn\Microsoft.CSharp.Core.targets(59,5): error :    at Microsoft.CodeAnalysis.CSharp.BoundTreeRewriterWithStackGuard.Visit(BoundNode node) [C:\Users\simon\dev\seq-expression-crash\csharp-range-expression-crash.csproj]
C:\Program Files\dotnet\sdk\3.1.100\Roslyn\Microsoft.CSharp.Core.targets(59,5): error :    at Microsoft.CodeAnalysis.CSharp.BoundTreeRewriter.VisitSequencePoint(BoundSequencePoint node) [C:\Users\simon\dev\seq-expression-crash\csharp-range-expression-crash.csproj]
C:\Program Files\dotnet\sdk\3.1.100\Roslyn\Microsoft.CSharp.Core.targets(59,5): error :    at Microsoft.CodeAnalysis.CSharp.BoundSequencePoint.Accept(BoundTreeVisitor visitor) [C:\Users\simon\dev\seq-expression-crash\csharp-range-expression-crash.csproj]
C:\Program Files\dotnet\sdk\3.1.100\Roslyn\Microsoft.CSharp.Core.targets(59,5): error :    at Microsoft.CodeAnalysis.CSharp.LambdaRewriter.RewriteBlock(BoundBlock node, ArrayBuilder`1 prologue, ArrayBuilder`1 newLocals) [C:\Users\simon\dev\seq-expression-crash\csharp-range-expression-crash.csproj]
C:\Program Files\dotnet\sdk\3.1.100\Roslyn\Microsoft.CSharp.Core.targets(59,5): error :    at Microsoft.CodeAnalysis.CSharp.LambdaRewriter.VisitBlock(BoundBlock node) [C:\Users\simon\dev\seq-expression-crash\csharp-range-expression-crash.csproj]
C:\Program Files\dotnet\sdk\3.1.100\Roslyn\Microsoft.CSharp.Core.targets(59,5): error :    at Microsoft.CodeAnalysis.CSharp.BoundBlock.Accept(BoundTreeVisitor visitor) [C:\Users\simon\dev\seq-expression-crash\csharp-range-expression-crash.csproj]
C:\Program Files\dotnet\sdk\3.1.100\Roslyn\Microsoft.CSharp.Core.targets(59,5): error :    at Microsoft.CodeAnalysis.CSharp.BoundTreeRewriterWithStackGuard.Visit(BoundNode node) [C:\Users\simon\dev\seq-expression-crash\csharp-range-expression-crash.csproj]
C:\Program Files\dotnet\sdk\3.1.100\Roslyn\Microsoft.CSharp.Core.targets(59,5): error :    at Microsoft.CodeAnalysis.CSharp.LambdaRewriter.Rewrite(BoundStatement loweredBody, NamedTypeSymbol thisType, ParameterSymbol thisParameter, MethodSymbol method, Int32 methodOrdinal, MethodSymbol substitutedSourceMethod, ArrayBuilder`1 lambdaDebugInfoBuilder, ArrayBuilder`1 closureDebugInfoBuilder, VariableSlotAllocator slotAllocatorOpt, TypeCompilationState compilationState, DiagnosticBag diagnostics, HashSet`1 assignLocals) [C:\Users\simon\dev\seq-expression-crash\csharp-range-expression-crash.csproj]
C:\Program Files\dotnet\sdk\3.1.100\Roslyn\Microsoft.CSharp.Core.targets(59,5): error :    at Microsoft.CodeAnalysis.CSharp.MethodCompiler.LowerBodyOrInitializer(MethodSymbol method, Int32 methodOrdinal, BoundStatement body, SynthesizedSubmissionFields previousSubmissionFields, TypeCompilationState compilationState, Boolean instrumentForDynamicAnalysis, DebugDocumentProvider debugDocumentProvider, ImmutableArray`1& dynamicAnalysisSpans, DiagnosticBag diagnostics, VariableSlotAllocator& lazyVariableSlotAllocator, ArrayBuilder`1 lambdaDebugInfoBuilder, ArrayBuilder`1 closureDebugInfoBuilder, StateMachineTypeSymbol& stateMachineTypeOpt) [C:\Users\simon\dev\seq-expression-crash\csharp-range-expression-crash.csproj]
C:\Program Files\dotnet\sdk\3.1.100\Roslyn\Microsoft.CSharp.Core.targets(59,5): error :    at Microsoft.CodeAnalysis.CSharp.MethodCompiler.CompileMethod(MethodSymbol methodSymbol, Int32 methodOrdinal, ProcessedFieldInitializers& processedInitializers, SynthesizedSubmissionFields previousSubmissionFields, TypeCompilationState compilationState) [C:\Users\simon\dev\seq-expression-crash\csharp-range-expression-crash.csproj]
C:\Program Files\dotnet\sdk\3.1.100\Roslyn\Microsoft.CSharp.Core.targets(59,5): error :    at Microsoft.CodeAnalysis.CSharp.MethodCompiler.CompileNamedType(NamedTypeSymbol containingType) [C:\Users\simon\dev\seq-expression-crash\csharp-range-expression-crash.csproj]
C:\Program Files\dotnet\sdk\3.1.100\Roslyn\Microsoft.CSharp.Core.targets(59,5): error :    at Microsoft.CodeAnalysis.CSharp.MethodCompiler.<>c__DisplayClass22_0.<CompileNamedTypeAsTask>b__0() [C:\Users\simon\dev\seq-expression-crash\csharp-range-expression-crash.csproj]

Build FAILED.

C:\Program Files\dotnet\sdk\3.1.100\Roslyn\Microsoft.CSharp.Core.targets(59,5): error : Process terminated. System.InvalidOperationException: Unexpected value 'Sequence' of type 'Microsoft.CodeAnalysis.CSharp.BoundKind' [C:\Users\simon\dev\seq-expression-crash\csharp-range-expression-crash.csproj]
C:\Program Files\dotnet\sdk\3.1.100\Roslyn\Microsoft.CSharp.Core.targets(59,5): error :    at Microsoft.CodeAnalysis.CSharp.ExpressionLambdaRewriter.VisitExpressionWithoutStackGuard(BoundExpression node) [C:\Users\simon\dev\seq-expression-crash\csharp-range-expression-crash.csproj]
C:\Program Files\dotnet\sdk\3.1.100\Roslyn\Microsoft.CSharp.Core.targets(59,5): error :    at Microsoft.CodeAnalysis.CSharp.ExpressionLambdaRewriter.VisitInternal(BoundExpression node) [C:\Users\simon\dev\seq-expression-crash\csharp-range-expression-crash.csproj]
C:\Program Files\dotnet\sdk\3.1.100\Roslyn\Microsoft.CSharp.Core.targets(59,5): error :    at Microsoft.CodeAnalysis.CSharp.ExpressionLambdaRewriter.Visit(BoundExpression node) [C:\Users\simon\dev\seq-expression-crash\csharp-range-expression-crash.csproj]
C:\Program Files\dotnet\sdk\3.1.100\Roslyn\Microsoft.CSharp.Core.targets(59,5): error :    at Microsoft.CodeAnalysis.CSharp.ExpressionLambdaRewriter.VisitBinaryOperator(BinaryOperatorKind opKind, MethodSymbol methodOpt, TypeSymbol type, BoundExpression left, BoundExpression right) [C:\Users\simon\dev\seq-expression-crash\csharp-range-expression-crash.csproj]
C:\Program Files\dotnet\sdk\3.1.100\Roslyn\Microsoft.CSharp.Core.targets(59,5): error :    at Microsoft.CodeAnalysis.CSharp.ExpressionLambdaRewriter.VisitExpressionWithoutStackGuard(BoundExpression node) [C:\Users\simon\dev\seq-expression-crash\csharp-range-expression-crash.csproj]
C:\Program Files\dotnet\sdk\3.1.100\Roslyn\Microsoft.CSharp.Core.targets(59,5): error :    at Microsoft.CodeAnalysis.CSharp.ExpressionLambdaRewriter.VisitInternal(BoundExpression node) [C:\Users\simon\dev\seq-expression-crash\csharp-range-expression-crash.csproj]
C:\Program Files\dotnet\sdk\3.1.100\Roslyn\Microsoft.CSharp.Core.targets(59,5): error :    at Microsoft.CodeAnalysis.CSharp.ExpressionLambdaRewriter.Visit(BoundExpression node) [C:\Users\simon\dev\seq-expression-crash\csharp-range-expression-crash.csproj]
C:\Program Files\dotnet\sdk\3.1.100\Roslyn\Microsoft.CSharp.Core.targets(59,5): error :    at Microsoft.CodeAnalysis.CSharp.ExpressionLambdaRewriter.TranslateLambdaBody(BoundBlock block) [C:\Users\simon\dev\seq-expression-crash\csharp-range-expression-crash.csproj]
C:\Program Files\dotnet\sdk\3.1.100\Roslyn\Microsoft.CSharp.Core.targets(59,5): error :    at Microsoft.CodeAnalysis.CSharp.ExpressionLambdaRewriter.VisitLambdaInternal(BoundLambda node) [C:\Users\simon\dev\seq-expression-crash\csharp-range-expression-crash.csproj]
C:\Program Files\dotnet\sdk\3.1.100\Roslyn\Microsoft.CSharp.Core.targets(59,5): error :    at Microsoft.CodeAnalysis.CSharp.ExpressionLambdaRewriter.RewriteLambda(BoundLambda node, TypeCompilationState compilationState, TypeMap typeMap, Int32 recursionDepth, DiagnosticBag diagnostics) [C:\Users\simon\dev\seq-expression-crash\csharp-range-expression-crash.csproj]
C:\Program Files\dotnet\sdk\3.1.100\Roslyn\Microsoft.CSharp.Core.targets(59,5): error :    at Microsoft.CodeAnalysis.CSharp.LambdaRewriter.RewriteLambdaConversion(BoundLambda node) [C:\Users\simon\dev\seq-expression-crash\csharp-range-expression-crash.csproj]
C:\Program Files\dotnet\sdk\3.1.100\Roslyn\Microsoft.CSharp.Core.targets(59,5): error :    at Microsoft.CodeAnalysis.CSharp.LambdaRewriter.VisitConversion(BoundConversion conversion) [C:\Users\simon\dev\seq-expression-crash\csharp-range-expression-crash.csproj]
C:\Program Files\dotnet\sdk\3.1.100\Roslyn\Microsoft.CSharp.Core.targets(59,5): error :    at Microsoft.CodeAnalysis.CSharp.BoundConversion.Accept(BoundTreeVisitor visitor) [C:\Users\simon\dev\seq-expression-crash\csharp-range-expression-crash.csproj]
C:\Program Files\dotnet\sdk\3.1.100\Roslyn\Microsoft.CSharp.Core.targets(59,5): error :    at Microsoft.CodeAnalysis.CSharp.BoundTreeRewriterWithStackGuard.VisitExpressionWithoutStackGuard(BoundExpression node) [C:\Users\simon\dev\seq-expression-crash\csharp-range-expression-crash.csproj]
C:\Program Files\dotnet\sdk\3.1.100\Roslyn\Microsoft.CSharp.Core.targets(59,5): error :    at Microsoft.CodeAnalysis.CSharp.BoundTreeVisitor.VisitExpressionWithStackGuard(BoundExpression node) [C:\Users\simon\dev\seq-expression-crash\csharp-range-expression-crash.csproj]
C:\Program Files\dotnet\sdk\3.1.100\Roslyn\Microsoft.CSharp.Core.targets(59,5): error :    at Microsoft.CodeAnalysis.CSharp.BoundTreeVisitor.VisitExpressionWithStackGuard(Int32& recursionDepth, BoundExpression node) [C:\Users\simon\dev\seq-expression-crash\csharp-range-expression-crash.csproj]
C:\Program Files\dotnet\sdk\3.1.100\Roslyn\Microsoft.CSharp.Core.targets(59,5): error :    at Microsoft.CodeAnalysis.CSharp.BoundTreeRewriterWithStackGuard.Visit(BoundNode node) [C:\Users\simon\dev\seq-expression-crash\csharp-range-expression-crash.csproj]
C:\Program Files\dotnet\sdk\3.1.100\Roslyn\Microsoft.CSharp.Core.targets(59,5): error :    at Microsoft.CodeAnalysis.CSharp.BoundTreeRewriter.VisitReturnStatement(BoundReturnStatement node) [C:\Users\simon\dev\seq-expression-crash\csharp-range-expression-crash.csproj]
C:\Program Files\dotnet\sdk\3.1.100\Roslyn\Microsoft.CSharp.Core.targets(59,5): error :    at Microsoft.CodeAnalysis.CSharp.BoundReturnStatement.Accept(BoundTreeVisitor visitor) [C:\Users\simon\dev\seq-expression-crash\csharp-range-expression-crash.csproj]
C:\Program Files\dotnet\sdk\3.1.100\Roslyn\Microsoft.CSharp.Core.targets(59,5): error :    at Microsoft.CodeAnalysis.CSharp.BoundTreeRewriterWithStackGuard.Visit(BoundNode node) [C:\Users\simon\dev\seq-expression-crash\csharp-range-expression-crash.csproj]
C:\Program Files\dotnet\sdk\3.1.100\Roslyn\Microsoft.CSharp.Core.targets(59,5): error :    at Microsoft.CodeAnalysis.CSharp.BoundTreeRewriter.VisitSequencePoint(BoundSequencePoint node) [C:\Users\simon\dev\seq-expression-crash\csharp-range-expression-crash.csproj]
C:\Program Files\dotnet\sdk\3.1.100\Roslyn\Microsoft.CSharp.Core.targets(59,5): error :    at Microsoft.CodeAnalysis.CSharp.BoundSequencePoint.Accept(BoundTreeVisitor visitor) [C:\Users\simon\dev\seq-expression-crash\csharp-range-expression-crash.csproj]
C:\Program Files\dotnet\sdk\3.1.100\Roslyn\Microsoft.CSharp.Core.targets(59,5): error :    at Microsoft.CodeAnalysis.CSharp.LambdaRewriter.RewriteBlock(BoundBlock node, ArrayBuilder`1 prologue, ArrayBuilder`1 newLocals) [C:\Users\simon\dev\seq-expression-crash\csharp-range-expression-crash.csproj]
C:\Program Files\dotnet\sdk\3.1.100\Roslyn\Microsoft.CSharp.Core.targets(59,5): error :    at Microsoft.CodeAnalysis.CSharp.LambdaRewriter.VisitBlock(BoundBlock node) [C:\Users\simon\dev\seq-expression-crash\csharp-range-expression-crash.csproj]
C:\Program Files\dotnet\sdk\3.1.100\Roslyn\Microsoft.CSharp.Core.targets(59,5): error :    at Microsoft.CodeAnalysis.CSharp.BoundBlock.Accept(BoundTreeVisitor visitor) [C:\Users\simon\dev\seq-expression-crash\csharp-range-expression-crash.csproj]
C:\Program Files\dotnet\sdk\3.1.100\Roslyn\Microsoft.CSharp.Core.targets(59,5): error :    at Microsoft.CodeAnalysis.CSharp.BoundTreeRewriterWithStackGuard.Visit(BoundNode node) [C:\Users\simon\dev\seq-expression-crash\csharp-range-expression-crash.csproj]
C:\Program Files\dotnet\sdk\3.1.100\Roslyn\Microsoft.CSharp.Core.targets(59,5): error :    at Microsoft.CodeAnalysis.CSharp.LambdaRewriter.Rewrite(BoundStatement loweredBody, NamedTypeSymbol thisType, ParameterSymbol thisParameter, MethodSymbol method, Int32 methodOrdinal, MethodSymbol substitutedSourceMethod, ArrayBuilder`1 lambdaDebugInfoBuilder, ArrayBuilder`1 closureDebugInfoBuilder, VariableSlotAllocator slotAllocatorOpt, TypeCompilationState compilationState, DiagnosticBag diagnostics, HashSet`1 assignLocals) [C:\Users\simon\dev\seq-expression-crash\csharp-range-expression-crash.csproj]
C:\Program Files\dotnet\sdk\3.1.100\Roslyn\Microsoft.CSharp.Core.targets(59,5): error :    at Microsoft.CodeAnalysis.CSharp.MethodCompiler.LowerBodyOrInitializer(MethodSymbol method, Int32 methodOrdinal, BoundStatement body, SynthesizedSubmissionFields previousSubmissionFields, TypeCompilationState compilationState, Boolean instrumentForDynamicAnalysis, DebugDocumentProvider debugDocumentProvider, ImmutableArray`1& dynamicAnalysisSpans, DiagnosticBag diagnostics, VariableSlotAllocator& lazyVariableSlotAllocator, ArrayBuilder`1 lambdaDebugInfoBuilder, ArrayBuilder`1 closureDebugInfoBuilder, StateMachineTypeSymbol& stateMachineTypeOpt) [C:\Users\simon\dev\seq-expression-crash\csharp-range-expression-crash.csproj]
C:\Program Files\dotnet\sdk\3.1.100\Roslyn\Microsoft.CSharp.Core.targets(59,5): error :    at Microsoft.CodeAnalysis.CSharp.MethodCompiler.CompileMethod(MethodSymbol methodSymbol, Int32 methodOrdinal, ProcessedFieldInitializers& processedInitializers, SynthesizedSubmissionFields previousSubmissionFields, TypeCompilationState compilationState) [C:\Users\simon\dev\seq-expression-crash\csharp-range-expression-crash.csproj]
C:\Program Files\dotnet\sdk\3.1.100\Roslyn\Microsoft.CSharp.Core.targets(59,5): error :    at Microsoft.CodeAnalysis.CSharp.MethodCompiler.CompileNamedType(NamedTypeSymbol containingType) [C:\Users\simon\dev\seq-expression-crash\csharp-range-expression-crash.csproj]
C:\Program Files\dotnet\sdk\3.1.100\Roslyn\Microsoft.CSharp.Core.targets(59,5): error :    at Microsoft.CodeAnalysis.CSharp.MethodCompiler.<>c__DisplayClass22_0.<CompileNamedTypeAsTask>b__0() [C:\Users\simon\dev\seq-expression-crash\csharp-range-expression-crash.csproj]
C:\Program Files\dotnet\sdk\3.1.100\Roslyn\Microsoft.CSharp.Core.targets(59,5): error :    at System.Environment.FailFast(System.String, System.Exception) [C:\Users\simon\dev\seq-expression-crash\csharp-range-expression-crash.csproj]
C:\Program Files\dotnet\sdk\3.1.100\Roslyn\Microsoft.CSharp.Core.targets(59,5): error :    at Microsoft.CodeAnalysis.FailFast.OnFatalException(System.Exception) [C:\Users\simon\dev\seq-expression-crash\csharp-range-expression-crash.csproj]
C:\Program Files\dotnet\sdk\3.1.100\Roslyn\Microsoft.CSharp.Core.targets(59,5): error :    at Microsoft.CodeAnalysis.FatalError.Report(System.Exception, System.Action`1<System.Exception>) [C:\Users\simon\dev\seq-expression-crash\csharp-range-expression-crash.csproj]
C:\Program Files\dotnet\sdk\3.1.100\Roslyn\Microsoft.CSharp.Core.targets(59,5): error :    at Microsoft.CodeAnalysis.FatalError.ReportUnlessCanceled(System.Exception) [C:\Users\simon\dev\seq-expression-crash\csharp-range-expression-crash.csproj]
C:\Program Files\dotnet\sdk\3.1.100\Roslyn\Microsoft.CSharp.Core.targets(59,5): error :    at Microsoft.CodeAnalysis.CSharp.MethodCompiler+<>c__DisplayClass22_0.<CompileNamedTypeAsTask>b__0() [C:\Users\simon\dev\seq-expression-crash\csharp-range-expression-crash.csproj]
C:\Program Files\dotnet\sdk\3.1.100\Roslyn\Microsoft.CSharp.Core.targets(59,5): error :    at Microsoft.CodeAnalysis.CSharp.ExpressionLambdaRewriter.VisitExpressionWithoutStackGuard(Microsoft.CodeAnalysis.CSharp.BoundExpression) [C:\Users\simon\dev\seq-expression-crash\csharp-range-expression-crash.csproj]
C:\Program Files\dotnet\sdk\3.1.100\Roslyn\Microsoft.CSharp.Core.targets(59,5): error :    at Microsoft.CodeAnalysis.CSharp.ExpressionLambdaRewriter.VisitInternal(Microsoft.CodeAnalysis.CSharp.BoundExpression) [C:\Users\simon\dev\seq-expression-crash\csharp-range-expression-crash.csproj]
C:\Program Files\dotnet\sdk\3.1.100\Roslyn\Microsoft.CSharp.Core.targets(59,5): error :    at Microsoft.CodeAnalysis.CSharp.ExpressionLambdaRewriter.Visit(Microsoft.CodeAnalysis.CSharp.BoundExpression) [C:\Users\simon\dev\seq-expression-crash\csharp-range-expression-crash.csproj]
C:\Program Files\dotnet\sdk\3.1.100\Roslyn\Microsoft.CSharp.Core.targets(59,5): error :    at Microsoft.CodeAnalysis.CSharp.ExpressionLambdaRewriter.VisitBinaryOperator(Microsoft.CodeAnalysis.CSharp.BinaryOperatorKind, Microsoft.CodeAnalysis.CSharp.Symbols.MethodSymbol, Microsoft.CodeAnalysis.CSharp.Symbols.TypeSymbol, Microsoft.CodeAnalysis.CSharp.BoundExpression, Microsoft.CodeAnalysis.CSharp.BoundExpression) [C:\Users\simon\dev\seq-expression-crash\csharp-range-expression-crash.csproj]
C:\Program Files\dotnet\sdk\3.1.100\Roslyn\Microsoft.CSharp.Core.targets(59,5): error :    at Microsoft.CodeAnalysis.CSharp.ExpressionLambdaRewriter.VisitExpressionWithoutStackGuard(Microsoft.CodeAnalysis.CSharp.BoundExpression) [C:\Users\simon\dev\seq-expression-crash\csharp-range-expression-crash.csproj]
C:\Program Files\dotnet\sdk\3.1.100\Roslyn\Microsoft.CSharp.Core.targets(59,5): error :    at Microsoft.CodeAnalysis.CSharp.ExpressionLambdaRewriter.VisitInternal(Microsoft.CodeAnalysis.CSharp.BoundExpression) [C:\Users\simon\dev\seq-expression-crash\csharp-range-expression-crash.csproj]
C:\Program Files\dotnet\sdk\3.1.100\Roslyn\Microsoft.CSharp.Core.targets(59,5): error :    at Microsoft.CodeAnalysis.CSharp.ExpressionLambdaRewriter.Visit(Microsoft.CodeAnalysis.CSharp.BoundExpression) [C:\Users\simon\dev\seq-expression-crash\csharp-range-expression-crash.csproj]
C:\Program Files\dotnet\sdk\3.1.100\Roslyn\Microsoft.CSharp.Core.targets(59,5): error :    at Microsoft.CodeAnalysis.CSharp.ExpressionLambdaRewriter.TranslateLambdaBody(Microsoft.CodeAnalysis.CSharp.BoundBlock) [C:\Users\simon\dev\seq-expression-crash\csharp-range-expression-crash.csproj]
C:\Program Files\dotnet\sdk\3.1.100\Roslyn\Microsoft.CSharp.Core.targets(59,5): error :    at Microsoft.CodeAnalysis.CSharp.ExpressionLambdaRewriter.VisitLambdaInternal(Microsoft.CodeAnalysis.CSharp.BoundLambda) [C:\Users\simon\dev\seq-expression-crash\csharp-range-expression-crash.csproj]
C:\Program Files\dotnet\sdk\3.1.100\Roslyn\Microsoft.CSharp.Core.targets(59,5): error :    at Microsoft.CodeAnalysis.CSharp.ExpressionLambdaRewriter.RewriteLambda(Microsoft.CodeAnalysis.CSharp.BoundLambda, Microsoft.CodeAnalysis.CSharp.TypeCompilationState, Microsoft.CodeAnalysis.CSharp.Symbols.TypeMap, Int32, Microsoft.CodeAnalysis.DiagnosticBag) [C:\Users\simon\dev\seq-expression-crash\csharp-range-expression-crash.csproj]
C:\Program Files\dotnet\sdk\3.1.100\Roslyn\Microsoft.CSharp.Core.targets(59,5): error :    at Microsoft.CodeAnalysis.CSharp.LambdaRewriter.RewriteLambdaConversion(Microsoft.CodeAnalysis.CSharp.BoundLambda) [C:\Users\simon\dev\seq-expression-crash\csharp-range-expression-crash.csproj]
C:\Program Files\dotnet\sdk\3.1.100\Roslyn\Microsoft.CSharp.Core.targets(59,5): error :    at Microsoft.CodeAnalysis.CSharp.LambdaRewriter.VisitConversion(Microsoft.CodeAnalysis.CSharp.BoundConversion) [C:\Users\simon\dev\seq-expression-crash\csharp-range-expression-crash.csproj]
C:\Program Files\dotnet\sdk\3.1.100\Roslyn\Microsoft.CSharp.Core.targets(59,5): error :    at Microsoft.CodeAnalysis.CSharp.BoundConversion.Accept(Microsoft.CodeAnalysis.CSharp.BoundTreeVisitor) [C:\Users\simon\dev\seq-expression-crash\csharp-range-expression-crash.csproj]
C:\Program Files\dotnet\sdk\3.1.100\Roslyn\Microsoft.CSharp.Core.targets(59,5): error :    at Microsoft.CodeAnalysis.CSharp.BoundTreeRewriterWithStackGuard.VisitExpressionWithoutStackGuard(Microsoft.CodeAnalysis.CSharp.BoundExpression) [C:\Users\simon\dev\seq-expression-crash\csharp-range-expression-crash.csproj]
C:\Program Files\dotnet\sdk\3.1.100\Roslyn\Microsoft.CSharp.Core.targets(59,5): error :    at Microsoft.CodeAnalysis.CSharp.BoundTreeVisitor.VisitExpressionWithStackGuard(Microsoft.CodeAnalysis.CSharp.BoundExpression) [C:\Users\simon\dev\seq-expression-crash\csharp-range-expression-crash.csproj]
C:\Program Files\dotnet\sdk\3.1.100\Roslyn\Microsoft.CSharp.Core.targets(59,5): error :    at Microsoft.CodeAnalysis.CSharp.BoundTreeVisitor.VisitExpressionWithStackGuard(Int32 ByRef, Microsoft.CodeAnalysis.CSharp.BoundExpression) [C:\Users\simon\dev\seq-expression-crash\csharp-range-expression-crash.csproj]
C:\Program Files\dotnet\sdk\3.1.100\Roslyn\Microsoft.CSharp.Core.targets(59,5): error :    at Microsoft.CodeAnalysis.CSharp.BoundTreeRewriterWithStackGuard.Visit(Microsoft.CodeAnalysis.CSharp.BoundNode) [C:\Users\simon\dev\seq-expression-crash\csharp-range-expression-crash.csproj]
C:\Program Files\dotnet\sdk\3.1.100\Roslyn\Microsoft.CSharp.Core.targets(59,5): error :    at Microsoft.CodeAnalysis.CSharp.BoundTreeRewriter.VisitReturnStatement(Microsoft.CodeAnalysis.CSharp.BoundReturnStatement) [C:\Users\simon\dev\seq-expression-crash\csharp-range-expression-crash.csproj]
C:\Program Files\dotnet\sdk\3.1.100\Roslyn\Microsoft.CSharp.Core.targets(59,5): error :    at Microsoft.CodeAnalysis.CSharp.BoundReturnStatement.Accept(Microsoft.CodeAnalysis.CSharp.BoundTreeVisitor) [C:\Users\simon\dev\seq-expression-crash\csharp-range-expression-crash.csproj]
C:\Program Files\dotnet\sdk\3.1.100\Roslyn\Microsoft.CSharp.Core.targets(59,5): error :    at Microsoft.CodeAnalysis.CSharp.BoundTreeRewriterWithStackGuard.Visit(Microsoft.CodeAnalysis.CSharp.BoundNode) [C:\Users\simon\dev\seq-expression-crash\csharp-range-expression-crash.csproj]
C:\Program Files\dotnet\sdk\3.1.100\Roslyn\Microsoft.CSharp.Core.targets(59,5): error :    at Microsoft.CodeAnalysis.CSharp.BoundTreeRewriter.VisitSequencePoint(Microsoft.CodeAnalysis.CSharp.BoundSequencePoint) [C:\Users\simon\dev\seq-expression-crash\csharp-range-expression-crash.csproj]
C:\Program Files\dotnet\sdk\3.1.100\Roslyn\Microsoft.CSharp.Core.targets(59,5): error :    at Microsoft.CodeAnalysis.CSharp.BoundSequencePoint.Accept(Microsoft.CodeAnalysis.CSharp.BoundTreeVisitor) [C:\Users\simon\dev\seq-expression-crash\csharp-range-expression-crash.csproj]
C:\Program Files\dotnet\sdk\3.1.100\Roslyn\Microsoft.CSharp.Core.targets(59,5): error :    at Microsoft.CodeAnalysis.CSharp.LambdaRewriter.RewriteBlock(Microsoft.CodeAnalysis.CSharp.BoundBlock, Microsoft.CodeAnalysis.PooledObjects.ArrayBuilder`1<Microsoft.CodeAnalysis.CSharp.BoundExpression>, Microsoft.CodeAnalysis.PooledObjects.ArrayBuilder`1<Microsoft.CodeAnalysis.CSharp.Symbols.LocalSymbol>) [C:\Users\simon\dev\seq-expression-crash\csharp-range-expression-crash.csproj]
C:\Program Files\dotnet\sdk\3.1.100\Roslyn\Microsoft.CSharp.Core.targets(59,5): error :    at Microsoft.CodeAnalysis.CSharp.LambdaRewriter.VisitBlock(Microsoft.CodeAnalysis.CSharp.BoundBlock) [C:\Users\simon\dev\seq-expression-crash\csharp-range-expression-crash.csproj]
C:\Program Files\dotnet\sdk\3.1.100\Roslyn\Microsoft.CSharp.Core.targets(59,5): error :    at Microsoft.CodeAnalysis.CSharp.BoundBlock.Accept(Microsoft.CodeAnalysis.CSharp.BoundTreeVisitor) [C:\Users\simon\dev\seq-expression-crash\csharp-range-expression-crash.csproj]
C:\Program Files\dotnet\sdk\3.1.100\Roslyn\Microsoft.CSharp.Core.targets(59,5): error :    at Microsoft.CodeAnalysis.CSharp.BoundTreeRewriterWithStackGuard.Visit(Microsoft.CodeAnalysis.CSharp.BoundNode) [C:\Users\simon\dev\seq-expression-crash\csharp-range-expression-crash.csproj]
C:\Program Files\dotnet\sdk\3.1.100\Roslyn\Microsoft.CSharp.Core.targets(59,5): error :    at Microsoft.CodeAnalysis.CSharp.LambdaRewriter.Rewrite(Microsoft.CodeAnalysis.CSharp.BoundStatement, Microsoft.CodeAnalysis.CSharp.Symbols.NamedTypeSymbol, Microsoft.CodeAnalysis.CSharp.Symbols.ParameterSymbol, Microsoft.CodeAnalysis.CSharp.Symbols.MethodSymbol, Int32, Microsoft.CodeAnalysis.CSharp.Symbols.MethodSymbol, Microsoft.CodeAnalysis.PooledObjects.ArrayBuilder`1<Microsoft.CodeAnalysis.CodeGen.LambdaDebugInfo>, Microsoft.CodeAnalysis.PooledObjects.ArrayBuilder`1<Microsoft.CodeAnalysis.CodeGen.ClosureDebugInfo>, Microsoft.CodeAnalysis.CodeGen.VariableSlotAllocator, Microsoft.CodeAnalysis.CSharp.TypeCompilationState, Microsoft.CodeAnalysis.DiagnosticBag, System.Collections.Generic.HashSet`1<Microsoft.CodeAnalysis.CSharp.Symbols.LocalSymbol>) [C:\Users\simon\dev\seq-expression-crash\csharp-range-expression-crash.csproj]
C:\Program Files\dotnet\sdk\3.1.100\Roslyn\Microsoft.CSharp.Core.targets(59,5): error :    at Microsoft.CodeAnalysis.CSharp.MethodCompiler.LowerBodyOrInitializer(Microsoft.CodeAnalysis.CSharp.Symbols.MethodSymbol, Int32, Microsoft.CodeAnalysis.CSharp.BoundStatement, Microsoft.CodeAnalysis.CSharp.SynthesizedSubmissionFields, Microsoft.CodeAnalysis.CSharp.TypeCompilationState, Boolean, Microsoft.CodeAnalysis.CodeGen.DebugDocumentProvider, System.Collections.Immutable.ImmutableArray`1<Microsoft.CodeAnalysis.CodeGen.SourceSpan> ByRef, Microsoft.CodeAnalysis.DiagnosticBag, Microsoft.CodeAnalysis.CodeGen.VariableSlotAllocator ByRef, Microsoft.CodeAnalysis.PooledObjects.ArrayBuilder`1<Microsoft.CodeAnalysis.CodeGen.LambdaDebugInfo>, Microsoft.CodeAnalysis.PooledObjects.ArrayBuilder`1<Microsoft.CodeAnalysis.CodeGen.ClosureDebugInfo>, Microsoft.CodeAnalysis.CSharp.StateMachineTypeSymbol ByRef) [C:\Users\simon\dev\seq-expression-crash\csharp-range-expression-crash.csproj]
C:\Program Files\dotnet\sdk\3.1.100\Roslyn\Microsoft.CSharp.Core.targets(59,5): error :    at Microsoft.CodeAnalysis.CSharp.MethodCompiler.CompileMethod(Microsoft.CodeAnalysis.CSharp.Symbols.MethodSymbol, Int32, ProcessedFieldInitializers ByRef, Microsoft.CodeAnalysis.CSharp.SynthesizedSubmissionFields, Microsoft.CodeAnalysis.CSharp.TypeCompilationState) [C:\Users\simon\dev\seq-expression-crash\csharp-range-expression-crash.csproj]
C:\Program Files\dotnet\sdk\3.1.100\Roslyn\Microsoft.CSharp.Core.targets(59,5): error :    at Microsoft.CodeAnalysis.CSharp.MethodCompiler.CompileNamedType(Microsoft.CodeAnalysis.CSharp.Symbols.NamedTypeSymbol) [C:\Users\simon\dev\seq-expression-crash\csharp-range-expression-crash.csproj]
C:\Program Files\dotnet\sdk\3.1.100\Roslyn\Microsoft.CSharp.Core.targets(59,5): error :    at Microsoft.CodeAnalysis.CSharp.MethodCompiler+<>c__DisplayClass22_0.<CompileNamedTypeAsTask>b__0() [C:\Users\simon\dev\seq-expression-crash\csharp-range-expression-crash.csproj]
C:\Program Files\dotnet\sdk\3.1.100\Roslyn\Microsoft.CSharp.Core.targets(59,5): error :    at Roslyn.Utilities.UICultureUtilities+<>c__DisplayClass5_0.<WithCurrentUICulture>b__0() [C:\Users\simon\dev\seq-expression-crash\csharp-range-expression-crash.csproj]
C:\Program Files\dotnet\sdk\3.1.100\Roslyn\Microsoft.CSharp.Core.targets(59,5): error :    at System.Threading.Tasks.Task.InnerInvoke() [C:\Users\simon\dev\seq-expression-crash\csharp-range-expression-crash.csproj]
C:\Program Files\dotnet\sdk\3.1.100\Roslyn\Microsoft.CSharp.Core.targets(59,5): error :    at System.Threading.Tasks.Task+<>c.<.cctor>b__274_0(System.Object) [C:\Users\simon\dev\seq-expression-crash\csharp-range-expression-crash.csproj]
C:\Program Files\dotnet\sdk\3.1.100\Roslyn\Microsoft.CSharp.Core.targets(59,5): error :    at System.Threading.ExecutionContext.RunFromThreadPoolDispatchLoop(System.Threading.Thread, System.Threading.ExecutionContext, System.Threading.ContextCallback, System.Object) [C:\Users\simon\dev\seq-expression-crash\csharp-range-expression-crash.csproj]
C:\Program Files\dotnet\sdk\3.1.100\Roslyn\Microsoft.CSharp.Core.targets(59,5): error :    at System.Threading.Tasks.Task.ExecuteWithThreadLocal(System.Threading.Tasks.Task ByRef, System.Threading.Thread) [C:\Users\simon\dev\seq-expression-crash\csharp-range-expression-crash.csproj]
C:\Program Files\dotnet\sdk\3.1.100\Roslyn\Microsoft.CSharp.Core.targets(59,5): error :    at System.Threading.Tasks.Task.ExecuteEntryUnsafe(System.Threading.Thread) [C:\Users\simon\dev\seq-expression-crash\csharp-range-expression-crash.csproj]
C:\Program Files\dotnet\sdk\3.1.100\Roslyn\Microsoft.CSharp.Core.targets(59,5): error :    at System.Threading.Tasks.Task.ExecuteFromThreadPool(System.Threading.Thread) [C:\Users\simon\dev\seq-expression-crash\csharp-range-expression-crash.csproj]
C:\Program Files\dotnet\sdk\3.1.100\Roslyn\Microsoft.CSharp.Core.targets(59,5): error :    at System.Threading.ThreadPoolWorkQueue.Dispatch() [C:\Users\simon\dev\seq-expression-crash\csharp-range-expression-crash.csproj]
C:\Program Files\dotnet\sdk\3.1.100\Roslyn\Microsoft.CSharp.Core.targets(59,5): error :    at System.Threading._ThreadPoolWaitCallback.PerformWaitCallback() [C:\Users\simon\dev\seq-expression-crash\csharp-range-expression-crash.csproj]
C:\Program Files\dotnet\sdk\3.1.100\Roslyn\Microsoft.CSharp.Core.targets(59,5): error : System.InvalidOperationException: Unexpected value 'Sequence' of type 'Microsoft.CodeAnalysis.CSharp.BoundKind' [C:\Users\simon\dev\seq-expression-crash\csharp-range-expression-crash.csproj]
C:\Program Files\dotnet\sdk\3.1.100\Roslyn\Microsoft.CSharp.Core.targets(59,5): error :    at Microsoft.CodeAnalysis.CSharp.ExpressionLambdaRewriter.VisitExpressionWithoutStackGuard(BoundExpression node) [C:\Users\simon\dev\seq-expression-crash\csharp-range-expression-crash.csproj]
C:\Program Files\dotnet\sdk\3.1.100\Roslyn\Microsoft.CSharp.Core.targets(59,5): error :    at Microsoft.CodeAnalysis.CSharp.ExpressionLambdaRewriter.VisitInternal(BoundExpression node) [C:\Users\simon\dev\seq-expression-crash\csharp-range-expression-crash.csproj]
C:\Program Files\dotnet\sdk\3.1.100\Roslyn\Microsoft.CSharp.Core.targets(59,5): error :    at Microsoft.CodeAnalysis.CSharp.ExpressionLambdaRewriter.Visit(BoundExpression node) [C:\Users\simon\dev\seq-expression-crash\csharp-range-expression-crash.csproj]
C:\Program Files\dotnet\sdk\3.1.100\Roslyn\Microsoft.CSharp.Core.targets(59,5): error :    at Microsoft.CodeAnalysis.CSharp.ExpressionLambdaRewriter.VisitBinaryOperator(BinaryOperatorKind opKind, MethodSymbol methodOpt, TypeSymbol type, BoundExpression left, BoundExpression right) [C:\Users\simon\dev\seq-expression-crash\csharp-range-expression-crash.csproj]
C:\Program Files\dotnet\sdk\3.1.100\Roslyn\Microsoft.CSharp.Core.targets(59,5): error :    at Microsoft.CodeAnalysis.CSharp.ExpressionLambdaRewriter.VisitExpressionWithoutStackGuard(BoundExpression node) [C:\Users\simon\dev\seq-expression-crash\csharp-range-expression-crash.csproj]
C:\Program Files\dotnet\sdk\3.1.100\Roslyn\Microsoft.CSharp.Core.targets(59,5): error :    at Microsoft.CodeAnalysis.CSharp.ExpressionLambdaRewriter.VisitInternal(BoundExpression node) [C:\Users\simon\dev\seq-expression-crash\csharp-range-expression-crash.csproj]
C:\Program Files\dotnet\sdk\3.1.100\Roslyn\Microsoft.CSharp.Core.targets(59,5): error :    at Microsoft.CodeAnalysis.CSharp.ExpressionLambdaRewriter.Visit(BoundExpression node) [C:\Users\simon\dev\seq-expression-crash\csharp-range-expression-crash.csproj]
C:\Program Files\dotnet\sdk\3.1.100\Roslyn\Microsoft.CSharp.Core.targets(59,5): error :    at Microsoft.CodeAnalysis.CSharp.ExpressionLambdaRewriter.TranslateLambdaBody(BoundBlock block) [C:\Users\simon\dev\seq-expression-crash\csharp-range-expression-crash.csproj]
C:\Program Files\dotnet\sdk\3.1.100\Roslyn\Microsoft.CSharp.Core.targets(59,5): error :    at Microsoft.CodeAnalysis.CSharp.ExpressionLambdaRewriter.VisitLambdaInternal(BoundLambda node) [C:\Users\simon\dev\seq-expression-crash\csharp-range-expression-crash.csproj]
C:\Program Files\dotnet\sdk\3.1.100\Roslyn\Microsoft.CSharp.Core.targets(59,5): error :    at Microsoft.CodeAnalysis.CSharp.ExpressionLambdaRewriter.RewriteLambda(BoundLambda node, TypeCompilationState compilationState, TypeMap typeMap, Int32 recursionDepth, DiagnosticBag diagnostics) [C:\Users\simon\dev\seq-expression-crash\csharp-range-expression-crash.csproj]
C:\Program Files\dotnet\sdk\3.1.100\Roslyn\Microsoft.CSharp.Core.targets(59,5): error :    at Microsoft.CodeAnalysis.CSharp.LambdaRewriter.RewriteLambdaConversion(BoundLambda node) [C:\Users\simon\dev\seq-expression-crash\csharp-range-expression-crash.csproj]
C:\Program Files\dotnet\sdk\3.1.100\Roslyn\Microsoft.CSharp.Core.targets(59,5): error :    at Microsoft.CodeAnalysis.CSharp.LambdaRewriter.VisitConversion(BoundConversion conversion) [C:\Users\simon\dev\seq-expression-crash\csharp-range-expression-crash.csproj]
C:\Program Files\dotnet\sdk\3.1.100\Roslyn\Microsoft.CSharp.Core.targets(59,5): error :    at Microsoft.CodeAnalysis.CSharp.BoundConversion.Accept(BoundTreeVisitor visitor) [C:\Users\simon\dev\seq-expression-crash\csharp-range-expression-crash.csproj]
C:\Program Files\dotnet\sdk\3.1.100\Roslyn\Microsoft.CSharp.Core.targets(59,5): error :    at Microsoft.CodeAnalysis.CSharp.BoundTreeRewriterWithStackGuard.VisitExpressionWithoutStackGuard(BoundExpression node) [C:\Users\simon\dev\seq-expression-crash\csharp-range-expression-crash.csproj]
C:\Program Files\dotnet\sdk\3.1.100\Roslyn\Microsoft.CSharp.Core.targets(59,5): error :    at Microsoft.CodeAnalysis.CSharp.BoundTreeVisitor.VisitExpressionWithStackGuard(BoundExpression node) [C:\Users\simon\dev\seq-expression-crash\csharp-range-expression-crash.csproj]
C:\Program Files\dotnet\sdk\3.1.100\Roslyn\Microsoft.CSharp.Core.targets(59,5): error :    at Microsoft.CodeAnalysis.CSharp.BoundTreeVisitor.VisitExpressionWithStackGuard(Int32& recursionDepth, BoundExpression node) [C:\Users\simon\dev\seq-expression-crash\csharp-range-expression-crash.csproj]
C:\Program Files\dotnet\sdk\3.1.100\Roslyn\Microsoft.CSharp.Core.targets(59,5): error :    at Microsoft.CodeAnalysis.CSharp.BoundTreeRewriterWithStackGuard.Visit(BoundNode node) [C:\Users\simon\dev\seq-expression-crash\csharp-range-expression-crash.csproj]
C:\Program Files\dotnet\sdk\3.1.100\Roslyn\Microsoft.CSharp.Core.targets(59,5): error :    at Microsoft.CodeAnalysis.CSharp.BoundTreeRewriter.VisitReturnStatement(BoundReturnStatement node) [C:\Users\simon\dev\seq-expression-crash\csharp-range-expression-crash.csproj]
C:\Program Files\dotnet\sdk\3.1.100\Roslyn\Microsoft.CSharp.Core.targets(59,5): error :    at Microsoft.CodeAnalysis.CSharp.BoundReturnStatement.Accept(BoundTreeVisitor visitor) [C:\Users\simon\dev\seq-expression-crash\csharp-range-expression-crash.csproj]
C:\Program Files\dotnet\sdk\3.1.100\Roslyn\Microsoft.CSharp.Core.targets(59,5): error :    at Microsoft.CodeAnalysis.CSharp.BoundTreeRewriterWithStackGuard.Visit(BoundNode node) [C:\Users\simon\dev\seq-expression-crash\csharp-range-expression-crash.csproj]
C:\Program Files\dotnet\sdk\3.1.100\Roslyn\Microsoft.CSharp.Core.targets(59,5): error :    at Microsoft.CodeAnalysis.CSharp.BoundTreeRewriter.VisitSequencePoint(BoundSequencePoint node) [C:\Users\simon\dev\seq-expression-crash\csharp-range-expression-crash.csproj]
C:\Program Files\dotnet\sdk\3.1.100\Roslyn\Microsoft.CSharp.Core.targets(59,5): error :    at Microsoft.CodeAnalysis.CSharp.BoundSequencePoint.Accept(BoundTreeVisitor visitor) [C:\Users\simon\dev\seq-expression-crash\csharp-range-expression-crash.csproj]
C:\Program Files\dotnet\sdk\3.1.100\Roslyn\Microsoft.CSharp.Core.targets(59,5): error :    at Microsoft.CodeAnalysis.CSharp.LambdaRewriter.RewriteBlock(BoundBlock node, ArrayBuilder`1 prologue, ArrayBuilder`1 newLocals) [C:\Users\simon\dev\seq-expression-crash\csharp-range-expression-crash.csproj]
C:\Program Files\dotnet\sdk\3.1.100\Roslyn\Microsoft.CSharp.Core.targets(59,5): error :    at Microsoft.CodeAnalysis.CSharp.LambdaRewriter.VisitBlock(BoundBlock node) [C:\Users\simon\dev\seq-expression-crash\csharp-range-expression-crash.csproj]
C:\Program Files\dotnet\sdk\3.1.100\Roslyn\Microsoft.CSharp.Core.targets(59,5): error :    at Microsoft.CodeAnalysis.CSharp.BoundBlock.Accept(BoundTreeVisitor visitor) [C:\Users\simon\dev\seq-expression-crash\csharp-range-expression-crash.csproj]
C:\Program Files\dotnet\sdk\3.1.100\Roslyn\Microsoft.CSharp.Core.targets(59,5): error :    at Microsoft.CodeAnalysis.CSharp.BoundTreeRewriterWithStackGuard.Visit(BoundNode node) [C:\Users\simon\dev\seq-expression-crash\csharp-range-expression-crash.csproj]
C:\Program Files\dotnet\sdk\3.1.100\Roslyn\Microsoft.CSharp.Core.targets(59,5): error :    at Microsoft.CodeAnalysis.CSharp.LambdaRewriter.Rewrite(BoundStatement loweredBody, NamedTypeSymbol thisType, ParameterSymbol thisParameter, MethodSymbol method, Int32 methodOrdinal, MethodSymbol substitutedSourceMethod, ArrayBuilder`1 lambdaDebugInfoBuilder, ArrayBuilder`1 closureDebugInfoBuilder, VariableSlotAllocator slotAllocatorOpt, TypeCompilationState compilationState, DiagnosticBag diagnostics, HashSet`1 assignLocals) [C:\Users\simon\dev\seq-expression-crash\csharp-range-expression-crash.csproj]
C:\Program Files\dotnet\sdk\3.1.100\Roslyn\Microsoft.CSharp.Core.targets(59,5): error :    at Microsoft.CodeAnalysis.CSharp.MethodCompiler.LowerBodyOrInitializer(MethodSymbol method, Int32 methodOrdinal, BoundStatement body, SynthesizedSubmissionFields previousSubmissionFields, TypeCompilationState compilationState, Boolean instrumentForDynamicAnalysis, DebugDocumentProvider debugDocumentProvider, ImmutableArray`1& dynamicAnalysisSpans, DiagnosticBag diagnostics, VariableSlotAllocator& lazyVariableSlotAllocator, ArrayBuilder`1 lambdaDebugInfoBuilder, ArrayBuilder`1 closureDebugInfoBuilder, StateMachineTypeSymbol& stateMachineTypeOpt) [C:\Users\simon\dev\seq-expression-crash\csharp-range-expression-crash.csproj]
C:\Program Files\dotnet\sdk\3.1.100\Roslyn\Microsoft.CSharp.Core.targets(59,5): error :    at Microsoft.CodeAnalysis.CSharp.MethodCompiler.CompileMethod(MethodSymbol methodSymbol, Int32 methodOrdinal, ProcessedFieldInitializers& processedInitializers, SynthesizedSubmissionFields previousSubmissionFields, TypeCompilationState compilationState) [C:\Users\simon\dev\seq-expression-crash\csharp-range-expression-crash.csproj]
C:\Program Files\dotnet\sdk\3.1.100\Roslyn\Microsoft.CSharp.Core.targets(59,5): error :    at Microsoft.CodeAnalysis.CSharp.MethodCompiler.CompileNamedType(NamedTypeSymbol containingType) [C:\Users\simon\dev\seq-expression-crash\csharp-range-expression-crash.csproj]
C:\Program Files\dotnet\sdk\3.1.100\Roslyn\Microsoft.CSharp.Core.targets(59,5): error :    at Microsoft.CodeAnalysis.CSharp.MethodCompiler.<>c__DisplayClass22_0.<CompileNamedTypeAsTask>b__0() [C:\Users\simon\dev\seq-expression-crash\csharp-range-expression-crash.csproj]
    0 Warning(s)
    109 Error(s)

Time Elapsed 00:00:06.97
